<html>
<head>
<title>TestNG:  Surefire test</title>
<link href="../testng.css" rel="stylesheet" type="text/css" />
<link href="../my-testng.css" rel="stylesheet" type="text/css" />

<style type="text/css">
.log { display: none;} 
.stack-trace { display: none;} 
</style>
<script type="text/javascript">
<!--
function flip(e) {
  current = e.style.display;
  if (current == 'block') {
    e.style.display = 'none';
    return 0;
  }
  else {
    e.style.display = 'block';
    return 1;
  }
}

function toggleBox(szDivId, elem, msg1, msg2)
{
  var res = -1;  if (document.getElementById) {
    res = flip(document.getElementById(szDivId));
  }
  else if (document.all) {
    // this is the way old msie versions work
    res = flip(document.all[szDivId]);
  }
  if(elem) {
    if(res == 0) elem.innerHTML = msg1; else elem.innerHTML = msg2;
  }

}

function toggleAllBoxes() {
  if (document.getElementsByTagName) {
    d = document.getElementsByTagName('div');
    for (i = 0; i < d.length; i++) {
      if (d[i].className == 'log') {
        flip(d[i]);
      }
    }
  }
}

// -->
</script>

</head>
<body>
<h2 align='center'>Surefire test</h2><table border='1' align="center">
<tr>
<td>Tests passed/Failed/Skipped:</td><td>10/2/0</td>
</tr><tr>
<td>Started on:</td><td>Thu Dec 15 01:44:39 EET 2022</td>
</tr>
<tr><td>Total time:</td><td>146 seconds (146499 ms)</td>
</tr><tr>
<td>Included groups:</td><td></td>
</tr><tr>
<td>Excluded groups:</td><td></td>
</tr>
</table><p/>
<small><i>(Hover the method name to see the test class name)</i></small><p/>
<table width='100%' border='1' class='invocation-failed'>
<tr><td colspan='4' align='center'><b>FAILED TESTS</b></td></tr>
<tr><td><b>Test method</b></td>
<td width="30%"><b>Exception</b></td>
<td width="10%"><b>Time (seconds)</b></td>
<td><b>Instance</b></td>
</tr>
<tr>
<td title='org.example.testRun.Run.runScenario()'><b>runScenario</b><br>Test class: org.example.testRun.Run<br>Test method: Runs Cucumber Scenarios<br>Parameters: "Create successful Order", "Create Order | Create successful Order"</td>
<td><div><pre>org.openqa.selenium.NoSuchElementException: no such element: Unable to locate element: {&quot;method&quot;:&quot;css selector&quot;,&quot;selector&quot;:&quot;#BillingNewAddress_CountryId&quot;}
  (Session info: MicrosoftEdge=108.0.1462.46)
For documentation on this error, please visit: https://selenium.dev/exceptions/#no_such_element
Build info: version: &apos;4.6.0&apos;, revision: &apos;79f1c02ae20&apos;
System info: os.name: &apos;Windows 10&apos;, os.arch: &apos;amd64&apos;, os.version: &apos;10.0&apos;, java.version: &apos;1.8.0_351&apos;
Driver info: org.openqa.selenium.edge.EdgeDriver
Command: [ae998a53aed884fc26eabd7a3f18bc98, findElement {using=id, value=BillingNewAddress_CountryId}]
Capabilities {acceptInsecureCerts: false, browserName: msedge, browserVersion: 108.0.1462.46, ms:edgeOptions: {debuggerAddress: localhost:59218}, msedge: {msedgedriverVersion: 108.0.1462.46 (d29728ee6817..., userDataDir: C:\Users\andre\AppData\Loca...}, networkConnectionEnabled: false, pageLoadStrategy: normal, platformName: WINDOWS, proxy: Proxy(), se:cdp: ws://localhost:59218/devtoo..., se:cdpVersion: 108.0.1462.46, setWindowRect: true, strictFileInteractability: false, timeouts: {implicit: 0, pageLoad: 300000, script: 30000}, unhandledPromptBehavior: dismiss and notify, webauthn:extension:credBlob: true, webauthn:extension:largeBlob: true, webauthn:virtualAuthenticators: true}
Session ID: ae998a53aed884fc26eabd7a3f18bc98
	at org.openqa.selenium.remote.codec.w3c.W3CHttpResponseCodec.createException(W3CHttpResponseCodec.java:200)
	at org.openqa.selenium.remote.codec.w3c.W3CHttpResponseCodec.decode(W3CHttpResponseCodec.java:133)
	at org.openqa.selenium.remote.codec.w3c.W3CHttpResponseCodec.decode(W3CHttpResponseCodec.java:53)
	at org.openqa.selenium.remote.HttpCommandExecutor.execute(HttpCommandExecutor.java:184)
	at org.openqa.selenium.remote.service.DriverCommandExecutor.invokeExecute(DriverCommandExecutor.java:167)
	at org.openqa.selenium.remote.service.DriverCommandExecutor.execute(DriverCommandExecutor.java:142)
	at org.openqa.selenium.remote.RemoteWebDriver.execute(RemoteWebDriver.java:541)
	at org.openqa.selenium.remote.ElementLocation$ElementFinder$2.findElement(ElementLocation.java:162)
	at org.openqa.selenium.remote.ElementLocation.findElement(ElementLocation.java:60)
	at org.openqa.selenium.remote.RemoteWebDriver.findElement(RemoteWebDriver.java:365)
	at org.openqa.selenium.remote.RemoteWebDriver.findElement(RemoteWebDriver.java:357)
	at org.example.pages.LocatorCreateOrder.country(LocatorCreateOrder.java:27)
	at org.example.dfs.CreateOrder.slctCountry(CreateOrder.java:42)
	at ?.user select the country(file:///D:/NopCommerce/src/main/resources/Features/CreateOrder.feature:17)
... Removed 4 stack frames</pre></div><a href='#' onClick='toggleBox("stack-trace634991000", this, "Click to show all stack frames", "Click to hide stack frames")'>Click to show all stack frames</a>
<div class='stack-trace' id='stack-trace634991000'><pre>org.openqa.selenium.NoSuchElementException: no such element: Unable to locate element: {&quot;method&quot;:&quot;css selector&quot;,&quot;selector&quot;:&quot;#BillingNewAddress_CountryId&quot;}
  (Session info: MicrosoftEdge=108.0.1462.46)
For documentation on this error, please visit: https://selenium.dev/exceptions/#no_such_element
Build info: version: &apos;4.6.0&apos;, revision: &apos;79f1c02ae20&apos;
System info: os.name: &apos;Windows 10&apos;, os.arch: &apos;amd64&apos;, os.version: &apos;10.0&apos;, java.version: &apos;1.8.0_351&apos;
Driver info: org.openqa.selenium.edge.EdgeDriver
Command: [ae998a53aed884fc26eabd7a3f18bc98, findElement {using=id, value=BillingNewAddress_CountryId}]
Capabilities {acceptInsecureCerts: false, browserName: msedge, browserVersion: 108.0.1462.46, ms:edgeOptions: {debuggerAddress: localhost:59218}, msedge: {msedgedriverVersion: 108.0.1462.46 (d29728ee6817..., userDataDir: C:\Users\andre\AppData\Loca...}, networkConnectionEnabled: false, pageLoadStrategy: normal, platformName: WINDOWS, proxy: Proxy(), se:cdp: ws://localhost:59218/devtoo..., se:cdpVersion: 108.0.1462.46, setWindowRect: true, strictFileInteractability: false, timeouts: {implicit: 0, pageLoad: 300000, script: 30000}, unhandledPromptBehavior: dismiss and notify, webauthn:extension:credBlob: true, webauthn:extension:largeBlob: true, webauthn:virtualAuthenticators: true}
Session ID: ae998a53aed884fc26eabd7a3f18bc98
	at sun.reflect.NativeConstructorAccessorImpl.newInstance0(Native Method)
	at sun.reflect.NativeConstructorAccessorImpl.newInstance(NativeConstructorAccessorImpl.java:62)
	at sun.reflect.DelegatingConstructorAccessorImpl.newInstance(DelegatingConstructorAccessorImpl.java:45)
	at java.lang.reflect.Constructor.newInstance(Constructor.java:423)
	at org.openqa.selenium.remote.codec.w3c.W3CHttpResponseCodec.createException(W3CHttpResponseCodec.java:200)
	at org.openqa.selenium.remote.codec.w3c.W3CHttpResponseCodec.decode(W3CHttpResponseCodec.java:133)
	at org.openqa.selenium.remote.codec.w3c.W3CHttpResponseCodec.decode(W3CHttpResponseCodec.java:53)
	at org.openqa.selenium.remote.HttpCommandExecutor.execute(HttpCommandExecutor.java:184)
	at org.openqa.selenium.remote.service.DriverCommandExecutor.invokeExecute(DriverCommandExecutor.java:167)
	at org.openqa.selenium.remote.service.DriverCommandExecutor.execute(DriverCommandExecutor.java:142)
	at org.openqa.selenium.remote.RemoteWebDriver.execute(RemoteWebDriver.java:541)
	at org.openqa.selenium.remote.ElementLocation$ElementFinder$2.findElement(ElementLocation.java:162)
	at org.openqa.selenium.remote.ElementLocation.findElement(ElementLocation.java:60)
	at org.openqa.selenium.remote.RemoteWebDriver.findElement(RemoteWebDriver.java:365)
	at org.openqa.selenium.remote.RemoteWebDriver.findElement(RemoteWebDriver.java:357)
	at org.example.pages.LocatorCreateOrder.country(LocatorCreateOrder.java:27)
	at org.example.dfs.CreateOrder.slctCountry(CreateOrder.java:42)
	at ?.user select the country(file:///D:/NopCommerce/src/main/resources/Features/CreateOrder.feature:17)
</pre></div></td>
<td>30</td>
<td>org.example.testRun.Run@36b4cef0</td></tr>
<tr>
<td title='org.example.testRun.Run.runScenario()'><b>runScenario</b><br>Test class: org.example.testRun.Run<br>Test method: Runs Cucumber Scenarios<br>Parameters: "User could log in with valid email and password successfully", "Login | User could log in with valid email and password"</td>
<td><div><pre>org.openqa.selenium.NoSuchElementException: no such element: Unable to locate element: {&quot;method&quot;:&quot;css selector&quot;,&quot;selector&quot;:&quot;.ico\-logout&quot;}
  (Session info: MicrosoftEdge=108.0.1462.46)
For documentation on this error, please visit: https://selenium.dev/exceptions/#no_such_element
Build info: version: &apos;4.6.0&apos;, revision: &apos;79f1c02ae20&apos;
System info: os.name: &apos;Windows 10&apos;, os.arch: &apos;amd64&apos;, os.version: &apos;10.0&apos;, java.version: &apos;1.8.0_351&apos;
Driver info: org.openqa.selenium.edge.EdgeDriver
Command: [af3e3cb2ef491a72f76f09465030d8a1, findElement {using=class name, value=ico-logout}]
Capabilities {acceptInsecureCerts: false, browserName: msedge, browserVersion: 108.0.1462.46, ms:edgeOptions: {debuggerAddress: localhost:59341}, msedge: {msedgedriverVersion: 108.0.1462.46 (d29728ee6817..., userDataDir: C:\Users\andre\AppData\Loca...}, networkConnectionEnabled: false, pageLoadStrategy: normal, platformName: WINDOWS, proxy: Proxy(), se:cdp: ws://localhost:59341/devtoo..., se:cdpVersion: 108.0.1462.46, setWindowRect: true, strictFileInteractability: false, timeouts: {implicit: 0, pageLoad: 300000, script: 30000}, unhandledPromptBehavior: dismiss and notify, webauthn:extension:credBlob: true, webauthn:extension:largeBlob: true, webauthn:virtualAuthenticators: true}
Session ID: af3e3cb2ef491a72f76f09465030d8a1
	at org.openqa.selenium.remote.codec.w3c.W3CHttpResponseCodec.createException(W3CHttpResponseCodec.java:200)
	at org.openqa.selenium.remote.codec.w3c.W3CHttpResponseCodec.decode(W3CHttpResponseCodec.java:133)
	at org.openqa.selenium.remote.codec.w3c.W3CHttpResponseCodec.decode(W3CHttpResponseCodec.java:53)
	at org.openqa.selenium.remote.HttpCommandExecutor.execute(HttpCommandExecutor.java:184)
	at org.openqa.selenium.remote.service.DriverCommandExecutor.invokeExecute(DriverCommandExecutor.java:167)
	at org.openqa.selenium.remote.service.DriverCommandExecutor.execute(DriverCommandExecutor.java:142)
	at org.openqa.selenium.remote.RemoteWebDriver.execute(RemoteWebDriver.java:541)
	at org.openqa.selenium.remote.ElementLocation$ElementFinder$2.findElement(ElementLocation.java:162)
	at org.openqa.selenium.remote.ElementLocation.findElement(ElementLocation.java:60)
	at org.openqa.selenium.remote.RemoteWebDriver.findElement(RemoteWebDriver.java:365)
	at org.openqa.selenium.remote.RemoteWebDriver.findElement(RemoteWebDriver.java:357)
	at org.example.pages.LocatorLogin.logSuc(LocatorLogin.java:30)
	at org.example.dfs.Login.loginSuccessfully(Login.java:36)
	at ?.user login to the system successfully(file:///D:/NopCommerce/src/main/resources/Features/Login.feature:10)
... Removed 4 stack frames</pre></div><a href='#' onClick='toggleBox("stack-trace2098041249", this, "Click to show all stack frames", "Click to hide stack frames")'>Click to show all stack frames</a>
<div class='stack-trace' id='stack-trace2098041249'><pre>org.openqa.selenium.NoSuchElementException: no such element: Unable to locate element: {&quot;method&quot;:&quot;css selector&quot;,&quot;selector&quot;:&quot;.ico\-logout&quot;}
  (Session info: MicrosoftEdge=108.0.1462.46)
For documentation on this error, please visit: https://selenium.dev/exceptions/#no_such_element
Build info: version: &apos;4.6.0&apos;, revision: &apos;79f1c02ae20&apos;
System info: os.name: &apos;Windows 10&apos;, os.arch: &apos;amd64&apos;, os.version: &apos;10.0&apos;, java.version: &apos;1.8.0_351&apos;
Driver info: org.openqa.selenium.edge.EdgeDriver
Command: [af3e3cb2ef491a72f76f09465030d8a1, findElement {using=class name, value=ico-logout}]
Capabilities {acceptInsecureCerts: false, browserName: msedge, browserVersion: 108.0.1462.46, ms:edgeOptions: {debuggerAddress: localhost:59341}, msedge: {msedgedriverVersion: 108.0.1462.46 (d29728ee6817..., userDataDir: C:\Users\andre\AppData\Loca...}, networkConnectionEnabled: false, pageLoadStrategy: normal, platformName: WINDOWS, proxy: Proxy(), se:cdp: ws://localhost:59341/devtoo..., se:cdpVersion: 108.0.1462.46, setWindowRect: true, strictFileInteractability: false, timeouts: {implicit: 0, pageLoad: 300000, script: 30000}, unhandledPromptBehavior: dismiss and notify, webauthn:extension:credBlob: true, webauthn:extension:largeBlob: true, webauthn:virtualAuthenticators: true}
Session ID: af3e3cb2ef491a72f76f09465030d8a1
	at sun.reflect.NativeConstructorAccessorImpl.newInstance0(Native Method)
	at sun.reflect.NativeConstructorAccessorImpl.newInstance(NativeConstructorAccessorImpl.java:62)
	at sun.reflect.DelegatingConstructorAccessorImpl.newInstance(DelegatingConstructorAccessorImpl.java:45)
	at java.lang.reflect.Constructor.newInstance(Constructor.java:423)
	at org.openqa.selenium.remote.codec.w3c.W3CHttpResponseCodec.createException(W3CHttpResponseCodec.java:200)
	at org.openqa.selenium.remote.codec.w3c.W3CHttpResponseCodec.decode(W3CHttpResponseCodec.java:133)
	at org.openqa.selenium.remote.codec.w3c.W3CHttpResponseCodec.decode(W3CHttpResponseCodec.java:53)
	at org.openqa.selenium.remote.HttpCommandExecutor.execute(HttpCommandExecutor.java:184)
	at org.openqa.selenium.remote.service.DriverCommandExecutor.invokeExecute(DriverCommandExecutor.java:167)
	at org.openqa.selenium.remote.service.DriverCommandExecutor.execute(DriverCommandExecutor.java:142)
	at org.openqa.selenium.remote.RemoteWebDriver.execute(RemoteWebDriver.java:541)
	at org.openqa.selenium.remote.ElementLocation$ElementFinder$2.findElement(ElementLocation.java:162)
	at org.openqa.selenium.remote.ElementLocation.findElement(ElementLocation.java:60)
	at org.openqa.selenium.remote.RemoteWebDriver.findElement(RemoteWebDriver.java:365)
	at org.openqa.selenium.remote.RemoteWebDriver.findElement(RemoteWebDriver.java:357)
	at org.example.pages.LocatorLogin.logSuc(LocatorLogin.java:30)
	at org.example.dfs.Login.loginSuccessfully(Login.java:36)
	at ?.user login to the system successfully(file:///D:/NopCommerce/src/main/resources/Features/Login.feature:10)
</pre></div></td>
<td>18</td>
<td>org.example.testRun.Run@36b4cef0</td></tr>
</table><p>
<table width='100%' border='1' class='invocation-passed'>
<tr><td colspan='4' align='center'><b>PASSED TESTS</b></td></tr>
<tr><td><b>Test method</b></td>
<td width="30%"><b>Exception</b></td>
<td width="10%"><b>Time (seconds)</b></td>
<td><b>Instance</b></td>
</tr>
<tr>
<td title='org.example.testRun.Run.runScenario()'><b>runScenario</b><br>Test class: org.example.testRun.Run<br>Test method: Runs Cucumber Scenarios<br>Parameters: "Logged user could add different products to compare list", "Compare List | Logged user could add different products to compare list"</td>
<td></td>
<td>9</td>
<td>org.example.testRun.Run@36b4cef0</td></tr>
<tr>
<td title='org.example.testRun.Run.runScenario()'><b>runScenario</b><br>Test class: org.example.testRun.Run<br>Test method: Runs Cucumber Scenarios<br>Parameters: "Logged user could select different tags", "Tags | Logged user could select different tags"</td>
<td></td>
<td>12</td>
<td>org.example.testRun.Run@36b4cef0</td></tr>
<tr>
<td title='org.example.testRun.Run.runScenario()'><b>runScenario</b><br>Test class: org.example.testRun.Run<br>Test method: Runs Cucumber Scenarios<br>Parameters: "Logged user could add different products to Wishlist", "Wishlist | Logged user could add different products to Wishlist"</td>
<td></td>
<td>9</td>
<td>org.example.testRun.Run@36b4cef0</td></tr>
<tr>
<td title='org.example.testRun.Run.runScenario()'><b>runScenario</b><br>Test class: org.example.testRun.Run<br>Test method: Runs Cucumber Scenarios<br>Parameters: "Logged user could filter with color", "Filter | Logged user could filter with color"</td>
<td></td>
<td>12</td>
<td>org.example.testRun.Run@36b4cef0</td></tr>
<tr>
<td title='org.example.testRun.Run.runScenario()'><b>runScenario</b><br>Test class: org.example.testRun.Run<br>Test method: Runs Cucumber Scenarios<br>Parameters: "guest user could register with valid data successfully", "Register | users could register with new accounts"</td>
<td></td>
<td>9</td>
<td>org.example.testRun.Run@36b4cef0</td></tr>
<tr>
<td title='org.example.testRun.Run.runScenario()'><b>runScenario</b><br>Test class: org.example.testRun.Run<br>Test method: Runs Cucumber Scenarios<br>Parameters: "User could reset his/her password successfully", "Reset Password | User could reset his/her password successfully"</td>
<td></td>
<td>8</td>
<td>org.example.testRun.Run@36b4cef0</td></tr>
<tr>
<td title='org.example.testRun.Run.runScenario()'><b>runScenario</b><br>Test class: org.example.testRun.Run<br>Test method: Runs Cucumber Scenarios<br>Parameters: "Logged user could select different Categories & Sub-categories", "Categories | Logged user could select different Categories"</td>
<td></td>
<td>8</td>
<td>org.example.testRun.Run@36b4cef0</td></tr>
<tr>
<td title='org.example.testRun.Run.runScenario()'><b>runScenario</b><br>Test class: org.example.testRun.Run<br>Test method: Runs Cucumber Scenarios<br>Parameters: "Logged User could search for any product", "Search | Logged User could search for any product"</td>
<td></td>
<td>8</td>
<td>org.example.testRun.Run@36b4cef0</td></tr>
<tr>
<td title='org.example.testRun.Run.runScenario()'><b>runScenario</b><br>Test class: org.example.testRun.Run<br>Test method: Runs Cucumber Scenarios<br>Parameters: "user could login with invalid email and password", "Login | User could log in with valid email and password"</td>
<td></td>
<td>8</td>
<td>org.example.testRun.Run@36b4cef0</td></tr>
<tr>
<td title='org.example.testRun.Run.runScenario()'><b>runScenario</b><br>Test class: org.example.testRun.Run<br>Test method: Runs Cucumber Scenarios<br>Parameters: "Logged user could add different products to Shopping cart", "Shopping Cart | Logged user could add different products to Shopping cart"</td>
<td></td>
<td>11</td>
<td>org.example.testRun.Run@36b4cef0</td></tr>
</table><p>
</body>
</html>